d:\text\video_dulib\include\uiengine\build\debug\duilib.pch
d:\text\video_dulib\include\uiengine\build\debug\vc140.pdb
d:\text\video_dulib\include\uiengine\build\debug\stdafx.obj
d:\text\video_dulib\include\uiengine\build\debug\uicontrol.obj
d:\text\video_dulib\include\uiengine\build\debug\uicontainer.obj
d:\text\video_dulib\include\uiengine\build\debug\uibase.obj
d:\text\video_dulib\include\uiengine\build\debug\uiwebbrowser.obj
d:\text\video_dulib\include\uiengine\build\debug\uitreeview.obj
d:\text\video_dulib\include\uiengine\build\debug\uitext.obj
d:\text\video_dulib\include\uiengine\build\debug\uislider.obj
d:\text\video_dulib\include\uiengine\build\debug\uiscrollbar.obj
d:\text\video_dulib\include\uiengine\build\debug\uirichedit.obj
d:\text\video_dulib\include\uiengine\build\debug\uiprogress.obj
d:\text\video_dulib\include\uiengine\build\debug\uioption.obj
d:\text\video_dulib\include\uiengine\build\debug\uilist.obj
d:\text\video_dulib\include\uiengine\build\debug\uilabel.obj
d:\text\video_dulib\include\uiengine\build\debug\uiedit.obj
d:\text\video_dulib\include\uiengine\build\debug\uidatetime.obj
d:\text\video_dulib\include\uiengine\build\debug\uicombobox.obj
d:\text\video_dulib\include\uiengine\build\debug\uicombo.obj
d:\text\video_dulib\include\uiengine\build\debug\uicheckbox.obj
d:\text\video_dulib\include\uiengine\build\debug\uibutton.obj
d:\text\video_dulib\include\uiengine\build\debug\uiactivex.obj
d:\text\video_dulib\include\uiengine\build\debug\winimplbase.obj
d:\text\video_dulib\include\uiengine\build\debug\utils.obj
d:\text\video_dulib\include\uiengine\build\debug\uidelegate.obj
d:\text\video_dulib\include\uiengine\build\debug\uilib.obj
d:\text\video_dulib\include\uiengine\build\debug\uiverticallayout.obj
d:\text\video_dulib\include\uiengine\build\debug\uitilelayout.obj
d:\text\video_dulib\include\uiengine\build\debug\uitablayout.obj
d:\text\video_dulib\include\uiengine\build\debug\uihorizontallayout.obj
d:\text\video_dulib\include\uiengine\build\debug\uichildlayout.obj
d:\text\video_dulib\include\uiengine\build\debug\uirender.obj
d:\text\video_dulib\include\uiengine\build\debug\uimarkup.obj
d:\text\video_dulib\include\uiengine\build\debug\uimanager.obj
d:\text\video_dulib\include\uiengine\build\debug\uidlgbuilder.obj
d:\text\video_dulib\include\uiengine\build\debug\stb_image.obj
d:\text\video_dulib\include\uiengine\build\debug\xunzip.obj
d:\text\video_dulib\include\lib\duilib_ud.lib
d:\text\video_dulib\include\lib\duilib_ud.exp
d:\text\video_dulib\x64\debug\duilib_ud.dll
d:\text\video_dulib\x64\debug\duilib_ud.pdb
d:\text\video_dulib\include\uiengine\build\debug\duilib.tlog\cl.command.1.tlog
d:\text\video_dulib\include\uiengine\build\debug\duilib.tlog\cl.read.1.tlog
d:\text\video_dulib\include\uiengine\build\debug\duilib.tlog\cl.write.1.tlog
d:\text\video_dulib\include\uiengine\build\debug\duilib.tlog\duilib.write.1u.tlog
d:\text\video_dulib\include\uiengine\build\debug\duilib.tlog\link.command.1.tlog
d:\text\video_dulib\include\uiengine\build\debug\duilib.tlog\link.read.1.tlog
d:\text\video_dulib\include\uiengine\build\debug\duilib.tlog\link.write.1.tlog
