e:\work\hryqing\include\uiengine\build\debug\duilib.pch
e:\work\hryqing\include\uiengine\build\debug\vc140.pdb
e:\work\hryqing\include\uiengine\build\debug\vc140.idb
e:\work\hryqing\include\uiengine\build\debug\stdafx.obj
e:\work\hryqing\include\uiengine\build\debug\uislider.obj
e:\work\hryqing\include\uiengine\build\debug\uitext.obj
e:\work\hryqing\include\uiengine\build\debug\uitreeview.obj
e:\work\hryqing\include\uiengine\build\debug\uiwebbrowser.obj
e:\work\hryqing\include\uiengine\build\debug\uibase.obj
e:\work\hryqing\include\uiengine\build\debug\uicontainer.obj
e:\work\hryqing\include\uiengine\build\debug\uicontrol.obj
e:\work\hryqing\include\uiengine\build\debug\uidlgbuilder.obj
e:\work\hryqing\include\uiengine\build\debug\uimanager.obj
e:\work\hryqing\include\uiengine\build\debug\uimarkup.obj
e:\work\hryqing\include\uiengine\build\debug\uirender.obj
e:\work\hryqing\include\uiengine\build\debug\uichildlayout.obj
e:\work\hryqing\include\uiengine\build\debug\uihorizontallayout.obj
e:\work\hryqing\include\uiengine\build\debug\uitablayout.obj
e:\work\hryqing\include\uiengine\build\debug\uitilelayout.obj
e:\work\hryqing\include\uiengine\build\debug\uiverticallayout.obj
e:\work\hryqing\include\uiengine\build\debug\uilib.obj
e:\work\hryqing\include\uiengine\build\debug\uidelegate.obj
e:\work\hryqing\include\uiengine\build\debug\utils.obj
e:\work\hryqing\include\uiengine\build\debug\winimplbase.obj
e:\work\hryqing\include\uiengine\build\debug\uiactivex.obj
e:\work\hryqing\include\uiengine\build\debug\uibutton.obj
e:\work\hryqing\include\uiengine\build\debug\uicheckbox.obj
e:\work\hryqing\include\uiengine\build\debug\uicombo.obj
e:\work\hryqing\include\uiengine\build\debug\uicombobox.obj
e:\work\hryqing\include\uiengine\build\debug\uidatetime.obj
e:\work\hryqing\include\uiengine\build\debug\uiedit.obj
e:\work\hryqing\include\uiengine\build\debug\uilabel.obj
e:\work\hryqing\include\uiengine\build\debug\uilist.obj
e:\work\hryqing\include\uiengine\build\debug\uioption.obj
e:\work\hryqing\include\uiengine\build\debug\uiprogress.obj
e:\work\hryqing\include\uiengine\build\debug\uirichedit.obj
e:\work\hryqing\include\uiengine\build\debug\uiscrollbar.obj
e:\work\hryqing\include\uiengine\build\debug\stb_image.obj
e:\work\hryqing\include\uiengine\build\debug\xunzip.obj
e:\work\hryqing\include\lib\duilib_ud.lib
e:\work\hryqing\include\lib\duilib_ud.exp
e:\work\hryqing\debug\duilib_ud.dll
e:\work\hryqing\debug\duilib.pdb
e:\work\hryqing\include\uiengine\build\debug\duilib.tlog\cl.command.1.tlog
e:\work\hryqing\include\uiengine\build\debug\duilib.tlog\cl.read.1.tlog
e:\work\hryqing\include\uiengine\build\debug\duilib.tlog\cl.write.1.tlog
e:\work\hryqing\include\uiengine\build\debug\duilib.tlog\duilib.write.1u.tlog
e:\work\hryqing\include\uiengine\build\debug\duilib.tlog\link.command.1.tlog
e:\work\hryqing\include\uiengine\build\debug\duilib.tlog\link.read.1.tlog
e:\work\hryqing\include\uiengine\build\debug\duilib.tlog\link.write.1.tlog
