c:\users\clyde\desktop\junshiwork\junshiwork\hryq9-12\hryq9-13\include\uiengine\build\debug\duilib.pch
c:\users\clyde\desktop\junshiwork\junshiwork\hryq9-12\hryq9-13\include\uiengine\build\debug\vc140.pdb
c:\users\clyde\desktop\junshiwork\junshiwork\hryq9-12\hryq9-13\include\uiengine\build\debug\stdafx.obj
c:\users\clyde\desktop\junshiwork\junshiwork\hryq9-12\hryq9-13\include\uiengine\build\debug\uicontrol.obj
c:\users\clyde\desktop\junshiwork\junshiwork\hryq9-12\hryq9-13\include\uiengine\build\debug\uicontainer.obj
c:\users\clyde\desktop\junshiwork\junshiwork\hryq9-12\hryq9-13\include\uiengine\build\debug\uibase.obj
c:\users\clyde\desktop\junshiwork\junshiwork\hryq9-12\hryq9-13\include\uiengine\build\debug\uiwebbrowser.obj
c:\users\clyde\desktop\junshiwork\junshiwork\hryq9-12\hryq9-13\include\uiengine\build\debug\uitreeview.obj
c:\users\clyde\desktop\junshiwork\junshiwork\hryq9-12\hryq9-13\include\uiengine\build\debug\uitext.obj
c:\users\clyde\desktop\junshiwork\junshiwork\hryq9-12\hryq9-13\include\uiengine\build\debug\uislider.obj
c:\users\clyde\desktop\junshiwork\junshiwork\hryq9-12\hryq9-13\include\uiengine\build\debug\uiscrollbar.obj
c:\users\clyde\desktop\junshiwork\junshiwork\hryq9-12\hryq9-13\include\uiengine\build\debug\uirichedit.obj
c:\users\clyde\desktop\junshiwork\junshiwork\hryq9-12\hryq9-13\include\uiengine\build\debug\uiprogress.obj
c:\users\clyde\desktop\junshiwork\junshiwork\hryq9-12\hryq9-13\include\uiengine\build\debug\uioption.obj
c:\users\clyde\desktop\junshiwork\junshiwork\hryq9-12\hryq9-13\include\uiengine\build\debug\uilist.obj
c:\users\clyde\desktop\junshiwork\junshiwork\hryq9-12\hryq9-13\include\uiengine\build\debug\uilabel.obj
c:\users\clyde\desktop\junshiwork\junshiwork\hryq9-12\hryq9-13\include\uiengine\build\debug\uiedit.obj
c:\users\clyde\desktop\junshiwork\junshiwork\hryq9-12\hryq9-13\include\uiengine\build\debug\uidatetime.obj
c:\users\clyde\desktop\junshiwork\junshiwork\hryq9-12\hryq9-13\include\uiengine\build\debug\uicombobox.obj
c:\users\clyde\desktop\junshiwork\junshiwork\hryq9-12\hryq9-13\include\uiengine\build\debug\uicombo.obj
c:\users\clyde\desktop\junshiwork\junshiwork\hryq9-12\hryq9-13\include\uiengine\build\debug\uicheckbox.obj
c:\users\clyde\desktop\junshiwork\junshiwork\hryq9-12\hryq9-13\include\uiengine\build\debug\uibutton.obj
c:\users\clyde\desktop\junshiwork\junshiwork\hryq9-12\hryq9-13\include\uiengine\build\debug\uiactivex.obj
c:\users\clyde\desktop\junshiwork\junshiwork\hryq9-12\hryq9-13\include\uiengine\build\debug\winimplbase.obj
c:\users\clyde\desktop\junshiwork\junshiwork\hryq9-12\hryq9-13\include\uiengine\build\debug\utils.obj
c:\users\clyde\desktop\junshiwork\junshiwork\hryq9-12\hryq9-13\include\uiengine\build\debug\uidelegate.obj
c:\users\clyde\desktop\junshiwork\junshiwork\hryq9-12\hryq9-13\include\uiengine\build\debug\uilib.obj
c:\users\clyde\desktop\junshiwork\junshiwork\hryq9-12\hryq9-13\include\uiengine\build\debug\uiverticallayout.obj
c:\users\clyde\desktop\junshiwork\junshiwork\hryq9-12\hryq9-13\include\uiengine\build\debug\uitilelayout.obj
c:\users\clyde\desktop\junshiwork\junshiwork\hryq9-12\hryq9-13\include\uiengine\build\debug\uitablayout.obj
c:\users\clyde\desktop\junshiwork\junshiwork\hryq9-12\hryq9-13\include\uiengine\build\debug\uihorizontallayout.obj
c:\users\clyde\desktop\junshiwork\junshiwork\hryq9-12\hryq9-13\include\uiengine\build\debug\uichildlayout.obj
c:\users\clyde\desktop\junshiwork\junshiwork\hryq9-12\hryq9-13\include\uiengine\build\debug\uirender.obj
c:\users\clyde\desktop\junshiwork\junshiwork\hryq9-12\hryq9-13\include\uiengine\build\debug\uimarkup.obj
c:\users\clyde\desktop\junshiwork\junshiwork\hryq9-12\hryq9-13\include\uiengine\build\debug\uimanager.obj
c:\users\clyde\desktop\junshiwork\junshiwork\hryq9-12\hryq9-13\include\uiengine\build\debug\uidlgbuilder.obj
c:\users\clyde\desktop\junshiwork\junshiwork\hryq9-12\hryq9-13\include\uiengine\build\debug\stb_image.obj
c:\users\clyde\desktop\junshiwork\junshiwork\hryq9-12\hryq9-13\include\uiengine\build\debug\xunzip.obj
c:\users\clyde\desktop\junshiwork\junshiwork\hryq9-12\hryq9-13\include\lib\duilib_ud.lib
c:\users\clyde\desktop\junshiwork\junshiwork\hryq9-12\hryq9-13\include\lib\duilib_ud.exp
c:\users\clyde\desktop\junshiwork\junshiwork\hryq9-12\hryq9-13\x64\debug\duilib_ud.dll
c:\users\clyde\desktop\junshiwork\junshiwork\hryq9-12\hryq9-13\x64\debug\duilib_ud.pdb
d:\text\video_dulib\include\uiengine\build\debug\stb_image.obj
d:\text\video_dulib\include\uiengine\build\debug\stdafx.obj
d:\text\video_dulib\include\uiengine\build\debug\uiactivex.obj
d:\text\video_dulib\include\uiengine\build\debug\uibase.obj
d:\text\video_dulib\include\uiengine\build\debug\uibutton.obj
d:\text\video_dulib\include\uiengine\build\debug\uicheckbox.obj
d:\text\video_dulib\include\uiengine\build\debug\uichildlayout.obj
d:\text\video_dulib\include\uiengine\build\debug\uicombo.obj
d:\text\video_dulib\include\uiengine\build\debug\uicombobox.obj
d:\text\video_dulib\include\uiengine\build\debug\uicontainer.obj
d:\text\video_dulib\include\uiengine\build\debug\uicontrol.obj
d:\text\video_dulib\include\uiengine\build\debug\uidatetime.obj
d:\text\video_dulib\include\uiengine\build\debug\uidelegate.obj
d:\text\video_dulib\include\uiengine\build\debug\uidlgbuilder.obj
d:\text\video_dulib\include\uiengine\build\debug\uiedit.obj
d:\text\video_dulib\include\uiengine\build\debug\uihorizontallayout.obj
d:\text\video_dulib\include\uiengine\build\debug\uilabel.obj
d:\text\video_dulib\include\uiengine\build\debug\uilib.obj
d:\text\video_dulib\include\uiengine\build\debug\uilist.obj
d:\text\video_dulib\include\uiengine\build\debug\uimanager.obj
d:\text\video_dulib\include\uiengine\build\debug\uimarkup.obj
d:\text\video_dulib\include\uiengine\build\debug\uioption.obj
d:\text\video_dulib\include\uiengine\build\debug\uiprogress.obj
d:\text\video_dulib\include\uiengine\build\debug\uirender.obj
d:\text\video_dulib\include\uiengine\build\debug\uirichedit.obj
d:\text\video_dulib\include\uiengine\build\debug\uiscrollbar.obj
d:\text\video_dulib\include\uiengine\build\debug\uislider.obj
d:\text\video_dulib\include\uiengine\build\debug\uitablayout.obj
d:\text\video_dulib\include\uiengine\build\debug\uitext.obj
d:\text\video_dulib\include\uiengine\build\debug\uitilelayout.obj
d:\text\video_dulib\include\uiengine\build\debug\uitreeview.obj
d:\text\video_dulib\include\uiengine\build\debug\uiverticallayout.obj
d:\text\video_dulib\include\uiengine\build\debug\uiwebbrowser.obj
d:\text\video_dulib\include\uiengine\build\debug\utils.obj
d:\text\video_dulib\include\uiengine\build\debug\winimplbase.obj
d:\text\video_dulib\include\uiengine\build\debug\xunzip.obj
d:\text\video_dulib\include\uiengine\build\debug\duilib.pch
d:\text\video_dulib\include\uiengine\build\debug\vc140.pdb
d:\text\video_dulib\include\uiengine\build\debug\duilib.tlog\cl.command.1.tlog
d:\text\video_dulib\include\uiengine\build\debug\duilib.tlog\cl.read.1.tlog
d:\text\video_dulib\include\uiengine\build\debug\duilib.tlog\cl.write.1.tlog
d:\text\video_dulib\include\uiengine\build\debug\duilib.tlog\duilib.write.1u.tlog
d:\text\video_dulib\include\uiengine\build\debug\duilib.tlog\link.command.1.tlog
d:\text\video_dulib\include\uiengine\build\debug\duilib.tlog\link.read.1.tlog
d:\text\video_dulib\include\uiengine\build\debug\duilib.tlog\link.write.1.tlog
