C:\Program Files (x86)\MSBuild\Microsoft.Cpp\v4.0\V140\Microsoft.CppBuild.targets(368,5): warning MSB8004: Output Directory does not end with a trailing slash.  This build instance will add the slash as it is required to allow proper evaluation of the Output Directory.
  StdAfx.cpp
e:\work\hryqing\include\uiengine\Core/UIManager.h(45): warning C4091: 'typedef ': ignored on left of 'DuiLib::EVENTTYPE_UI' when no variable is declared
  UIActiveX.cpp
  UIButton.cpp
Control\UIButton.cpp(107): warning C4302: 'type cast': truncation from 'LPWSTR' to 'WORD'
  UICheckBox.cpp
  UICombo.cpp
  UIComboBox.cpp
  UIDateTime.cpp
Control\UIDateTime.cpp(231): warning C4302: 'type cast': truncation from 'LPWSTR' to 'WORD'
  UIEdit.cpp
Control\UIEdit.cpp(194): warning C4302: 'type cast': truncation from 'LPWSTR' to 'WORD'
  UILabel.cpp
Control\UILabel.cpp(67): warning C4297: 'DuiLib::CLabelUI::~CLabelUI': function assumed not to throw an exception but does
  Control\UILabel.cpp(67): note: destructor or deallocator has a (possibly implicit) non-throwing exception specification
  UIList.cpp
Control\UIList.cpp(1447): warning C4302: 'type cast': truncation from 'LPWSTR' to 'WORD'
Control\UIList.cpp(1992): warning C4302: 'type cast': truncation from 'LPWSTR' to 'WORD'
  UIOption.cpp
  UIProgress.cpp
  UIRichEdit.cpp
  UIScrollBar.cpp
  UISlider.cpp
Control\UISlider.cpp(174): warning C4302: 'type cast': truncation from 'LPWSTR' to 'WORD'
  UIText.cpp
Control\UIText.cpp(52): warning C4302: 'type cast': truncation from 'LPWSTR' to 'WORD'
  UITreeView.cpp
  UIWebBrowser.cpp
  UIBase.cpp
Core\UIBase.cpp(352): warning C4244: '=': conversion from 'WPARAM' to 'UINT', possible loss of data
Core\UIBase.cpp(379): warning C4244: 'argument': conversion from 'WPARAM' to 'int', possible loss of data
  UIContainer.cpp
  UIControl.cpp
Core\UIControl.cpp(781): warning C4302: 'type cast': truncation from 'LPWSTR' to 'WORD'
  Generating Code...
  Compiling...
  UIDlgBuilder.cpp
  UIManager.cpp
  UIMarkup.cpp
Core\UIMarkup.cpp(215): warning C4244: '=': conversion from '__int64' to 'ULONG', possible loss of data
Core\UIMarkup.cpp(220): warning C4244: '=': conversion from '__int64' to 'ULONG', possible loss of data
Core\UIMarkup.cpp(576): warning C4244: 'initializing': conversion from '__int64' to 'ULONG', possible loss of data
Core\UIMarkup.cpp(577): warning C4244: '=': conversion from '__int64' to 'ULONG', possible loss of data
Core\UIMarkup.cpp(609): warning C4244: '=': conversion from '__int64' to 'ULONG', possible loss of data
Core\UIMarkup.cpp(621): warning C4244: '=': conversion from '__int64' to 'ULONG', possible loss of data
  UIRender.cpp
Core\UIRender.cpp(1114): warning C4838: conversion from 'int' to 'COLOR16' requires a narrowing conversion
Core\UIRender.cpp(1297): warning C4311: 'type cast': pointer truncation from 'LPVOID' to 'int'
Core\UIRender.cpp(1297): warning C4302: 'type cast': truncation from 'LPVOID' to 'int'
Core\UIRender.cpp(1347): warning C4311: 'type cast': pointer truncation from 'LPVOID' to 'int'
Core\UIRender.cpp(1347): warning C4302: 'type cast': truncation from 'LPVOID' to 'int'
Core\UIRender.cpp(1380): warning C4312: 'type cast': conversion from 'DWORD' to 'LPVOID' of greater size
Core\UIRender.cpp(1391): warning C4311: 'type cast': pointer truncation from 'LPVOID' to 'int'
Core\UIRender.cpp(1391): warning C4302: 'type cast': truncation from 'LPVOID' to 'int'
Core\UIRender.cpp(1409): warning C4311: 'type cast': pointer truncation from 'LPVOID' to 'int'
Core\UIRender.cpp(1409): warning C4302: 'type cast': truncation from 'LPVOID' to 'int'
Core\UIRender.cpp(1419): warning C4312: 'type cast': conversion from 'DWORD' to 'LPVOID' of greater size
Core\UIRender.cpp(1471): warning C4311: 'type cast': pointer truncation from 'LPVOID' to 'int'
Core\UIRender.cpp(1471): warning C4302: 'type cast': truncation from 'LPVOID' to 'int'
Core\UIRender.cpp(1501): warning C4311: 'type cast': pointer truncation from 'LPVOID' to 'int'
Core\UIRender.cpp(1501): warning C4302: 'type cast': truncation from 'LPVOID' to 'int'
Core\UIRender.cpp(1602): warning C4312: 'type cast': conversion from 'int' to 'LPVOID' of greater size
Core\UIRender.cpp(1634): warning C4311: 'type cast': pointer truncation from 'LPVOID' to 'int'
Core\UIRender.cpp(1634): warning C4302: 'type cast': truncation from 'LPVOID' to 'int'
Core\UIRender.cpp(1672): warning C4311: 'type cast': pointer truncation from 'LPVOID' to 'int'
Core\UIRender.cpp(1672): warning C4302: 'type cast': truncation from 'LPVOID' to 'int'
Core\UIRender.cpp(1680): warning C4311: 'type cast': pointer truncation from 'LPVOID' to 'int'
Core\UIRender.cpp(1680): warning C4302: 'type cast': truncation from 'LPVOID' to 'int'
Core\UIRender.cpp(1700): warning C4311: 'type cast': pointer truncation from 'LPVOID' to 'int'
Core\UIRender.cpp(1700): warning C4302: 'type cast': truncation from 'LPVOID' to 'int'
Core\UIRender.cpp(1720): warning C4311: 'type cast': pointer truncation from 'LPVOID' to 'int'
Core\UIRender.cpp(1720): warning C4302: 'type cast': truncation from 'LPVOID' to 'int'
Core\UIRender.cpp(1859): warning C4311: 'type cast': pointer truncation from 'LPVOID' to 'int'
Core\UIRender.cpp(1859): warning C4302: 'type cast': truncation from 'LPVOID' to 'int'
Core\UIRender.cpp(1947): warning C4267: 'argument': conversion from 'size_t' to 'int', possible loss of data
  UIChildLayout.cpp
  UIHorizontalLayout.cpp
Layout\UIHorizontalLayout.cpp(246): warning C4302: 'type cast': truncation from 'LPWSTR' to 'WORD'
  UITabLayout.cpp
  UITileLayout.cpp
  UIVerticalLayout.cpp
Layout\UIVerticalLayout.cpp(251): warning C4302: 'type cast': truncation from 'LPWSTR' to 'WORD'
  UIlib.cpp
  UIDelegate.cpp
  Utils.cpp
  WinImplBase.cpp
  Generating Code...
  stb_image.c
Utils\stb_image.c(764): warning C4244: 'initializing': conversion from '__int64' to 'int', possible loss of data
Utils\stb_image.c(777): warning C4244: 'initializing': conversion from '__int64' to 'int', possible loss of data
  XUnzip.cpp
Utils\XUnzip.cpp(3458): warning C4267: 'initializing': conversion from 'size_t' to 'int', possible loss of data
C:\Program Files (x86)\MSBuild\Microsoft.Cpp\v4.0\V140\Microsoft.CppBuild.targets(1189,5): warning MSB8012: TargetPath(E:\work\HRYQING\include\UIEngine\..\..\..\out\BimManage_debug_win10_64\DuiLib.dll) does not match the Linker's OutputFile property value (E:\work\out\BimManage_debug_win10_64\DuiLib_ud.dll). This may cause your project to build incorrectly. To correct this, please make sure that $(OutDir), $(TargetName) and $(TargetExt) property values match the value specified in %(Link.OutputFile).
C:\Program Files (x86)\MSBuild\Microsoft.Cpp\v4.0\V140\Microsoft.CppBuild.targets(1191,5): warning MSB8012: TargetName(DuiLib) does not match the Linker's OutputFile property value (DuiLib_ud). This may cause your project to build incorrectly. To correct this, please make sure that $(OutDir), $(TargetName) and $(TargetExt) property values match the value specified in %(Link.OutputFile).
     Creating library ../lib/DuiLib_d.lib and object ../lib/DuiLib_d.exp
  DuiLib.vcxproj -> E:\work\HRYQING\include\UIEngine\..\..\..\out\BimManage_debug_win10_64\DuiLib.dll
