e:\桌面压缩包\junshiwork\junshiwork\hryq9-12\hryq9-13\include\uiengine\build\release\duilib.pch
e:\桌面压缩包\junshiwork\junshiwork\hryq9-12\hryq9-13\include\uiengine\build\release\vc140.pdb
e:\桌面压缩包\junshiwork\junshiwork\hryq9-12\hryq9-13\include\uiengine\build\release\stdafx.obj
e:\桌面压缩包\junshiwork\junshiwork\hryq9-12\hryq9-13\include\uiengine\build\release\uicontrol.obj
e:\桌面压缩包\junshiwork\junshiwork\hryq9-12\hryq9-13\include\uiengine\build\release\uicontainer.obj
e:\桌面压缩包\junshiwork\junshiwork\hryq9-12\hryq9-13\include\uiengine\build\release\uibase.obj
e:\桌面压缩包\junshiwork\junshiwork\hryq9-12\hryq9-13\include\uiengine\build\release\uiwebbrowser.obj
e:\桌面压缩包\junshiwork\junshiwork\hryq9-12\hryq9-13\include\uiengine\build\release\uitreeview.obj
e:\桌面压缩包\junshiwork\junshiwork\hryq9-12\hryq9-13\include\uiengine\build\release\uitext.obj
e:\桌面压缩包\junshiwork\junshiwork\hryq9-12\hryq9-13\include\uiengine\build\release\uislider.obj
e:\桌面压缩包\junshiwork\junshiwork\hryq9-12\hryq9-13\include\uiengine\build\release\uiscrollbar.obj
e:\桌面压缩包\junshiwork\junshiwork\hryq9-12\hryq9-13\include\uiengine\build\release\uirichedit.obj
e:\桌面压缩包\junshiwork\junshiwork\hryq9-12\hryq9-13\include\uiengine\build\release\uiprogress.obj
e:\桌面压缩包\junshiwork\junshiwork\hryq9-12\hryq9-13\include\uiengine\build\release\uioption.obj
e:\桌面压缩包\junshiwork\junshiwork\hryq9-12\hryq9-13\include\uiengine\build\release\uilist.obj
e:\桌面压缩包\junshiwork\junshiwork\hryq9-12\hryq9-13\include\uiengine\build\release\uilabel.obj
e:\桌面压缩包\junshiwork\junshiwork\hryq9-12\hryq9-13\include\uiengine\build\release\uiedit.obj
e:\桌面压缩包\junshiwork\junshiwork\hryq9-12\hryq9-13\include\uiengine\build\release\uidatetime.obj
e:\桌面压缩包\junshiwork\junshiwork\hryq9-12\hryq9-13\include\uiengine\build\release\uicombobox.obj
e:\桌面压缩包\junshiwork\junshiwork\hryq9-12\hryq9-13\include\uiengine\build\release\uicombo.obj
e:\桌面压缩包\junshiwork\junshiwork\hryq9-12\hryq9-13\include\uiengine\build\release\uicheckbox.obj
e:\桌面压缩包\junshiwork\junshiwork\hryq9-12\hryq9-13\include\uiengine\build\release\uibutton.obj
e:\桌面压缩包\junshiwork\junshiwork\hryq9-12\hryq9-13\include\uiengine\build\release\uiactivex.obj
e:\桌面压缩包\junshiwork\junshiwork\hryq9-12\hryq9-13\include\uiengine\build\release\winimplbase.obj
e:\桌面压缩包\junshiwork\junshiwork\hryq9-12\hryq9-13\include\uiengine\build\release\utils.obj
e:\桌面压缩包\junshiwork\junshiwork\hryq9-12\hryq9-13\include\uiengine\build\release\uidelegate.obj
e:\桌面压缩包\junshiwork\junshiwork\hryq9-12\hryq9-13\include\uiengine\build\release\uilib.obj
e:\桌面压缩包\junshiwork\junshiwork\hryq9-12\hryq9-13\include\uiengine\build\release\uiverticallayout.obj
e:\桌面压缩包\junshiwork\junshiwork\hryq9-12\hryq9-13\include\uiengine\build\release\uitilelayout.obj
e:\桌面压缩包\junshiwork\junshiwork\hryq9-12\hryq9-13\include\uiengine\build\release\uitablayout.obj
e:\桌面压缩包\junshiwork\junshiwork\hryq9-12\hryq9-13\include\uiengine\build\release\uihorizontallayout.obj
e:\桌面压缩包\junshiwork\junshiwork\hryq9-12\hryq9-13\include\uiengine\build\release\uichildlayout.obj
e:\桌面压缩包\junshiwork\junshiwork\hryq9-12\hryq9-13\include\uiengine\build\release\uirender.obj
e:\桌面压缩包\junshiwork\junshiwork\hryq9-12\hryq9-13\include\uiengine\build\release\uimarkup.obj
e:\桌面压缩包\junshiwork\junshiwork\hryq9-12\hryq9-13\include\uiengine\build\release\uimanager.obj
e:\桌面压缩包\junshiwork\junshiwork\hryq9-12\hryq9-13\include\uiengine\build\release\uidlgbuilder.obj
e:\桌面压缩包\junshiwork\junshiwork\hryq9-12\hryq9-13\include\uiengine\build\release\stb_image.obj
e:\桌面压缩包\junshiwork\junshiwork\hryq9-12\hryq9-13\include\uiengine\build\release\xunzip.obj
e:\桌面压缩包\junshiwork\junshiwork\hryq9-12\hryq9-13\include\lib\duilib_u.lib
e:\桌面压缩包\junshiwork\junshiwork\hryq9-12\hryq9-13\include\lib\duilib_u.exp
e:\桌面压缩包\junshiwork\junshiwork\hryq9-12\hryq9-13\x64\release\duilib_u.dll
e:\桌面压缩包\junshiwork\junshiwork\hryq9-12\hryq9-13\x64\release\duilib_u.pdb
c:\users\clyde\desktop\junshiwork\junshiwork\hryq9-12\hryq9-13\include\uiengine\build\release\stb_image.obj
c:\users\clyde\desktop\junshiwork\junshiwork\hryq9-12\hryq9-13\include\uiengine\build\release\stdafx.obj
c:\users\clyde\desktop\junshiwork\junshiwork\hryq9-12\hryq9-13\include\uiengine\build\release\uiactivex.obj
c:\users\clyde\desktop\junshiwork\junshiwork\hryq9-12\hryq9-13\include\uiengine\build\release\uibase.obj
c:\users\clyde\desktop\junshiwork\junshiwork\hryq9-12\hryq9-13\include\uiengine\build\release\uibutton.obj
c:\users\clyde\desktop\junshiwork\junshiwork\hryq9-12\hryq9-13\include\uiengine\build\release\uicheckbox.obj
c:\users\clyde\desktop\junshiwork\junshiwork\hryq9-12\hryq9-13\include\uiengine\build\release\uichildlayout.obj
c:\users\clyde\desktop\junshiwork\junshiwork\hryq9-12\hryq9-13\include\uiengine\build\release\uicombo.obj
c:\users\clyde\desktop\junshiwork\junshiwork\hryq9-12\hryq9-13\include\uiengine\build\release\uicombobox.obj
c:\users\clyde\desktop\junshiwork\junshiwork\hryq9-12\hryq9-13\include\uiengine\build\release\uicontainer.obj
c:\users\clyde\desktop\junshiwork\junshiwork\hryq9-12\hryq9-13\include\uiengine\build\release\uicontrol.obj
c:\users\clyde\desktop\junshiwork\junshiwork\hryq9-12\hryq9-13\include\uiengine\build\release\uidatetime.obj
c:\users\clyde\desktop\junshiwork\junshiwork\hryq9-12\hryq9-13\include\uiengine\build\release\uidelegate.obj
c:\users\clyde\desktop\junshiwork\junshiwork\hryq9-12\hryq9-13\include\uiengine\build\release\uidlgbuilder.obj
c:\users\clyde\desktop\junshiwork\junshiwork\hryq9-12\hryq9-13\include\uiengine\build\release\uiedit.obj
c:\users\clyde\desktop\junshiwork\junshiwork\hryq9-12\hryq9-13\include\uiengine\build\release\uihorizontallayout.obj
c:\users\clyde\desktop\junshiwork\junshiwork\hryq9-12\hryq9-13\include\uiengine\build\release\uilabel.obj
c:\users\clyde\desktop\junshiwork\junshiwork\hryq9-12\hryq9-13\include\uiengine\build\release\uilib.obj
c:\users\clyde\desktop\junshiwork\junshiwork\hryq9-12\hryq9-13\include\uiengine\build\release\uilist.obj
c:\users\clyde\desktop\junshiwork\junshiwork\hryq9-12\hryq9-13\include\uiengine\build\release\uimanager.obj
c:\users\clyde\desktop\junshiwork\junshiwork\hryq9-12\hryq9-13\include\uiengine\build\release\uimarkup.obj
c:\users\clyde\desktop\junshiwork\junshiwork\hryq9-12\hryq9-13\include\uiengine\build\release\uioption.obj
c:\users\clyde\desktop\junshiwork\junshiwork\hryq9-12\hryq9-13\include\uiengine\build\release\uiprogress.obj
c:\users\clyde\desktop\junshiwork\junshiwork\hryq9-12\hryq9-13\include\uiengine\build\release\uirender.obj
c:\users\clyde\desktop\junshiwork\junshiwork\hryq9-12\hryq9-13\include\uiengine\build\release\uirichedit.obj
c:\users\clyde\desktop\junshiwork\junshiwork\hryq9-12\hryq9-13\include\uiengine\build\release\uiscrollbar.obj
c:\users\clyde\desktop\junshiwork\junshiwork\hryq9-12\hryq9-13\include\uiengine\build\release\uislider.obj
c:\users\clyde\desktop\junshiwork\junshiwork\hryq9-12\hryq9-13\include\uiengine\build\release\uitablayout.obj
c:\users\clyde\desktop\junshiwork\junshiwork\hryq9-12\hryq9-13\include\uiengine\build\release\uitext.obj
c:\users\clyde\desktop\junshiwork\junshiwork\hryq9-12\hryq9-13\include\uiengine\build\release\uitilelayout.obj
c:\users\clyde\desktop\junshiwork\junshiwork\hryq9-12\hryq9-13\include\uiengine\build\release\uitreeview.obj
c:\users\clyde\desktop\junshiwork\junshiwork\hryq9-12\hryq9-13\include\uiengine\build\release\uiverticallayout.obj
c:\users\clyde\desktop\junshiwork\junshiwork\hryq9-12\hryq9-13\include\uiengine\build\release\uiwebbrowser.obj
c:\users\clyde\desktop\junshiwork\junshiwork\hryq9-12\hryq9-13\include\uiengine\build\release\utils.obj
c:\users\clyde\desktop\junshiwork\junshiwork\hryq9-12\hryq9-13\include\uiengine\build\release\winimplbase.obj
c:\users\clyde\desktop\junshiwork\junshiwork\hryq9-12\hryq9-13\include\uiengine\build\release\xunzip.obj
c:\users\clyde\desktop\junshiwork\junshiwork\hryq9-12\hryq9-13\include\uiengine\build\release\duilib.pch
c:\users\clyde\desktop\junshiwork\junshiwork\hryq9-12\hryq9-13\include\uiengine\build\release\vc140.pdb
c:\users\clyde\desktop\junshiwork\junshiwork\hryq9-12\hryq9-13\include\uiengine\..\..\x64\release\duilib_u.dll
c:\users\clyde\desktop\junshiwork\junshiwork\hryq9-12\hryq9-13\include\uiengine\build\release\duilib.tlog\cl.command.1.tlog
c:\users\clyde\desktop\junshiwork\junshiwork\hryq9-12\hryq9-13\include\uiengine\build\release\duilib.tlog\cl.read.1.tlog
c:\users\clyde\desktop\junshiwork\junshiwork\hryq9-12\hryq9-13\include\uiengine\build\release\duilib.tlog\cl.write.1.tlog
c:\users\clyde\desktop\junshiwork\junshiwork\hryq9-12\hryq9-13\include\uiengine\build\release\duilib.tlog\duilib.write.1u.tlog
c:\users\clyde\desktop\junshiwork\junshiwork\hryq9-12\hryq9-13\include\uiengine\build\release\duilib.tlog\link.command.1.tlog
c:\users\clyde\desktop\junshiwork\junshiwork\hryq9-12\hryq9-13\include\uiengine\build\release\duilib.tlog\link.read.1.tlog
c:\users\clyde\desktop\junshiwork\junshiwork\hryq9-12\hryq9-13\include\uiengine\build\release\duilib.tlog\link.write.1.tlog
