c:\users\clyde\desktop\junshiwork\junshiwork\hryq9-12\hryq9-13\include\uiengine\build\release\duilib.pch
c:\users\clyde\desktop\junshiwork\junshiwork\hryq9-12\hryq9-13\include\uiengine\build\release\vc140.pdb
c:\users\clyde\desktop\junshiwork\junshiwork\hryq9-12\hryq9-13\include\uiengine\build\release\stdafx.obj
c:\users\clyde\desktop\junshiwork\junshiwork\hryq9-12\hryq9-13\include\uiengine\build\release\uicontrol.obj
c:\users\clyde\desktop\junshiwork\junshiwork\hryq9-12\hryq9-13\include\uiengine\build\release\uicontainer.obj
c:\users\clyde\desktop\junshiwork\junshiwork\hryq9-12\hryq9-13\include\uiengine\build\release\uibase.obj
c:\users\clyde\desktop\junshiwork\junshiwork\hryq9-12\hryq9-13\include\uiengine\build\release\uiwebbrowser.obj
c:\users\clyde\desktop\junshiwork\junshiwork\hryq9-12\hryq9-13\include\uiengine\build\release\uitreeview.obj
c:\users\clyde\desktop\junshiwork\junshiwork\hryq9-12\hryq9-13\include\uiengine\build\release\uitext.obj
c:\users\clyde\desktop\junshiwork\junshiwork\hryq9-12\hryq9-13\include\uiengine\build\release\uislider.obj
c:\users\clyde\desktop\junshiwork\junshiwork\hryq9-12\hryq9-13\include\uiengine\build\release\uiscrollbar.obj
c:\users\clyde\desktop\junshiwork\junshiwork\hryq9-12\hryq9-13\include\uiengine\build\release\uirichedit.obj
c:\users\clyde\desktop\junshiwork\junshiwork\hryq9-12\hryq9-13\include\uiengine\build\release\uiprogress.obj
c:\users\clyde\desktop\junshiwork\junshiwork\hryq9-12\hryq9-13\include\uiengine\build\release\uioption.obj
c:\users\clyde\desktop\junshiwork\junshiwork\hryq9-12\hryq9-13\include\uiengine\build\release\uilist.obj
c:\users\clyde\desktop\junshiwork\junshiwork\hryq9-12\hryq9-13\include\uiengine\build\release\uilabel.obj
c:\users\clyde\desktop\junshiwork\junshiwork\hryq9-12\hryq9-13\include\uiengine\build\release\uiedit.obj
c:\users\clyde\desktop\junshiwork\junshiwork\hryq9-12\hryq9-13\include\uiengine\build\release\uidatetime.obj
c:\users\clyde\desktop\junshiwork\junshiwork\hryq9-12\hryq9-13\include\uiengine\build\release\uicombobox.obj
c:\users\clyde\desktop\junshiwork\junshiwork\hryq9-12\hryq9-13\include\uiengine\build\release\uicombo.obj
c:\users\clyde\desktop\junshiwork\junshiwork\hryq9-12\hryq9-13\include\uiengine\build\release\uicheckbox.obj
c:\users\clyde\desktop\junshiwork\junshiwork\hryq9-12\hryq9-13\include\uiengine\build\release\uibutton.obj
c:\users\clyde\desktop\junshiwork\junshiwork\hryq9-12\hryq9-13\include\uiengine\build\release\uiactivex.obj
c:\users\clyde\desktop\junshiwork\junshiwork\hryq9-12\hryq9-13\include\uiengine\build\release\winimplbase.obj
c:\users\clyde\desktop\junshiwork\junshiwork\hryq9-12\hryq9-13\include\uiengine\build\release\utils.obj
c:\users\clyde\desktop\junshiwork\junshiwork\hryq9-12\hryq9-13\include\uiengine\build\release\uidelegate.obj
c:\users\clyde\desktop\junshiwork\junshiwork\hryq9-12\hryq9-13\include\uiengine\build\release\uilib.obj
c:\users\clyde\desktop\junshiwork\junshiwork\hryq9-12\hryq9-13\include\uiengine\build\release\uiverticallayout.obj
c:\users\clyde\desktop\junshiwork\junshiwork\hryq9-12\hryq9-13\include\uiengine\build\release\uitilelayout.obj
c:\users\clyde\desktop\junshiwork\junshiwork\hryq9-12\hryq9-13\include\uiengine\build\release\uitablayout.obj
c:\users\clyde\desktop\junshiwork\junshiwork\hryq9-12\hryq9-13\include\uiengine\build\release\uihorizontallayout.obj
c:\users\clyde\desktop\junshiwork\junshiwork\hryq9-12\hryq9-13\include\uiengine\build\release\uichildlayout.obj
c:\users\clyde\desktop\junshiwork\junshiwork\hryq9-12\hryq9-13\include\uiengine\build\release\uirender.obj
c:\users\clyde\desktop\junshiwork\junshiwork\hryq9-12\hryq9-13\include\uiengine\build\release\uimarkup.obj
c:\users\clyde\desktop\junshiwork\junshiwork\hryq9-12\hryq9-13\include\uiengine\build\release\uimanager.obj
c:\users\clyde\desktop\junshiwork\junshiwork\hryq9-12\hryq9-13\include\uiengine\build\release\uidlgbuilder.obj
c:\users\clyde\desktop\junshiwork\junshiwork\hryq9-12\hryq9-13\include\uiengine\build\release\stb_image.obj
c:\users\clyde\desktop\junshiwork\junshiwork\hryq9-12\hryq9-13\include\uiengine\build\release\xunzip.obj
c:\users\clyde\desktop\junshiwork\junshiwork\hryq9-12\hryq9-13\include\lib\duilib_u.lib
c:\users\clyde\desktop\junshiwork\junshiwork\hryq9-12\hryq9-13\include\lib\duilib_u.exp
c:\users\clyde\desktop\junshiwork\junshiwork\hryq9-12\hryq9-13\x64\release\duilib_u.dll
c:\users\clyde\desktop\junshiwork\junshiwork\hryq9-12\hryq9-13\x64\release\duilib_u.pdb
d:\text\video_dulib\include\uiengine\build\release\stb_image.obj
d:\text\video_dulib\include\uiengine\build\release\stdafx.obj
d:\text\video_dulib\include\uiengine\build\release\uiactivex.obj
d:\text\video_dulib\include\uiengine\build\release\uibase.obj
d:\text\video_dulib\include\uiengine\build\release\uibutton.obj
d:\text\video_dulib\include\uiengine\build\release\uicheckbox.obj
d:\text\video_dulib\include\uiengine\build\release\uichildlayout.obj
d:\text\video_dulib\include\uiengine\build\release\uicombo.obj
d:\text\video_dulib\include\uiengine\build\release\uicombobox.obj
d:\text\video_dulib\include\uiengine\build\release\uicontainer.obj
d:\text\video_dulib\include\uiengine\build\release\uicontrol.obj
d:\text\video_dulib\include\uiengine\build\release\uidatetime.obj
d:\text\video_dulib\include\uiengine\build\release\uidelegate.obj
d:\text\video_dulib\include\uiengine\build\release\uidlgbuilder.obj
d:\text\video_dulib\include\uiengine\build\release\uiedit.obj
d:\text\video_dulib\include\uiengine\build\release\uihorizontallayout.obj
d:\text\video_dulib\include\uiengine\build\release\uilabel.obj
d:\text\video_dulib\include\uiengine\build\release\uilib.obj
d:\text\video_dulib\include\uiengine\build\release\uilist.obj
d:\text\video_dulib\include\uiengine\build\release\uimanager.obj
d:\text\video_dulib\include\uiengine\build\release\uimarkup.obj
d:\text\video_dulib\include\uiengine\build\release\uioption.obj
d:\text\video_dulib\include\uiengine\build\release\uiprogress.obj
d:\text\video_dulib\include\uiengine\build\release\uirender.obj
d:\text\video_dulib\include\uiengine\build\release\uirichedit.obj
d:\text\video_dulib\include\uiengine\build\release\uiscrollbar.obj
d:\text\video_dulib\include\uiengine\build\release\uislider.obj
d:\text\video_dulib\include\uiengine\build\release\uitablayout.obj
d:\text\video_dulib\include\uiengine\build\release\uitext.obj
d:\text\video_dulib\include\uiengine\build\release\uitilelayout.obj
d:\text\video_dulib\include\uiengine\build\release\uitreeview.obj
d:\text\video_dulib\include\uiengine\build\release\uiverticallayout.obj
d:\text\video_dulib\include\uiengine\build\release\uiwebbrowser.obj
d:\text\video_dulib\include\uiengine\build\release\utils.obj
d:\text\video_dulib\include\uiengine\build\release\winimplbase.obj
d:\text\video_dulib\include\uiengine\build\release\xunzip.obj
d:\text\video_dulib\include\uiengine\build\release\duilib.pch
d:\text\video_dulib\include\uiengine\build\release\vc140.pdb
d:\text\video_dulib\include\uiengine\build\release\duilib.tlog\cl.command.1.tlog
d:\text\video_dulib\include\uiengine\build\release\duilib.tlog\cl.read.1.tlog
d:\text\video_dulib\include\uiengine\build\release\duilib.tlog\cl.write.1.tlog
d:\text\video_dulib\include\uiengine\build\release\duilib.tlog\duilib.write.1u.tlog
d:\text\video_dulib\include\uiengine\build\release\duilib.tlog\link.command.1.tlog
d:\text\video_dulib\include\uiengine\build\release\duilib.tlog\link.read.1.tlog
d:\text\video_dulib\include\uiengine\build\release\duilib.tlog\link.write.1.tlog
